{"level":"debug","message":"Added http://naifmehanna.xyz/sitemap.xml"}
{"level":"debug","message":"Added http://naifmehanna.xyz/"}
{"level":"debug","message":"Added http://naifmehanna.xyz/tag/javascript/"}
{"level":"debug","message":"Added http://naifmehanna.xyz/tag/crawlers/"}
{"level":"debug","message":"Added http://naifmehanna.xyz/simple-crawler-using-puppeteer-and-chrome-headless/"}
{"level":"debug","message":"Added http://naifmehanna.xyz/implementing-sarsa-in-python/"}
{"level":"debug","message":"Added http://naifmehanna.xyz/tag/privacy/"}
{"level":"debug","message":"Added http://naifmehanna.xyz/browser-fingerprints-in-a-nutshell/"}
{"level":"debug","message":"Added http://naifmehanna.xyz/tag/python/"}
{"level":"debug","message":"Added http://naifmehanna.xyz/tag/deep-learning/"}
{"level":"debug","message":"Added http://naifmehanna.xyz/tag/convolutional-neural-networks/"}
{"level":"debug","message":"Added http://naifmehanna.xyz/visualizing-convolutional-neural-networks-outputs-part-1/"}
{"level":"debug","message":"Added http://naifmehanna.xyz/tag/aws/"}
{"level":"debug","message":"Added http://naifmehanna.xyz/tag/ghost-tag/"}
{"level":"debug","message":"Added http://naifmehanna.xyz/deploy-your-blog-using-ghost-and-docker-on-aws/"}
{"level":"debug","message":"Added http://naifmehanna.xyz/page/2/"}
{"level":"debug","message":"Added http://naifmehanna.xyz/a-bit-of-a-boring-introduction/"}
{"level":"info","message":"Sitemap for http://naifmehanna.xyz done."}
{"level":"error"}
{"level":"debug","message":"Added http://naifmehanna.xyz/sitemap.xml"}
{"level":"debug","message":"Added http://naifmehanna.xyz/"}
{"level":"debug","message":"Added http://naifmehanna.xyz/tag/javascript/"}
{"level":"debug","message":"Added http://naifmehanna.xyz/tag/crawlers/"}
{"level":"debug","message":"Added http://naifmehanna.xyz/simple-crawler-using-puppeteer-and-chrome-headless/"}
{"level":"debug","message":"Added http://naifmehanna.xyz/implementing-sarsa-in-python/"}
{"level":"debug","message":"Added http://naifmehanna.xyz/tag/privacy/"}
{"level":"debug","message":"Added http://naifmehanna.xyz/browser-fingerprints-in-a-nutshell/"}
{"level":"debug","message":"Added http://naifmehanna.xyz/tag/python/"}
{"level":"debug","message":"Added http://naifmehanna.xyz/tag/deep-learning/"}
{"level":"debug","message":"Added http://naifmehanna.xyz/tag/convolutional-neural-networks/"}
{"level":"debug","message":"Added http://naifmehanna.xyz/visualizing-convolutional-neural-networks-outputs-part-1/"}
{"level":"debug","message":"Added http://naifmehanna.xyz/tag/aws/"}
{"level":"debug","message":"Added http://naifmehanna.xyz/tag/ghost-tag/"}
{"level":"debug","message":"Added http://naifmehanna.xyz/deploy-your-blog-using-ghost-and-docker-on-aws/"}
{"level":"debug","message":"Added http://naifmehanna.xyz/page/2/"}
{"level":"debug","message":"Added http://naifmehanna.xyz/a-bit-of-a-boring-introduction/"}
{"level":"info","message":"Sitemap for http://naifmehanna.xyz done."}
{"level":"debug","message":"Added http://naifmehanna.xyz/sitemap.xml"}
{"level":"debug","message":"Added http://naifmehanna.xyz/"}
{"level":"debug","message":"Added http://naifmehanna.xyz/tag/javascript/"}
{"level":"debug","message":"Added http://naifmehanna.xyz/tag/crawlers/"}
{"level":"debug","message":"Added http://naifmehanna.xyz/simple-crawler-using-puppeteer-and-chrome-headless/"}
{"name":"MongoError","level":"error"}
{"name":"MongoError","level":"error"}
{"name":"MongoNetworkError","errorLabels":["TransientTransactionError"],"level":"error"}
{"name":"MongoNetworkError","errorLabels":["TransientTransactionError"],"level":"error"}
{"level":"debug","message":"Successfully connected to server"}
{"level":"debug","message":"Successfully connected to server"}
{"level":"debug","message":"Successfully connected to server"}
{"level":"debug","message":"Successfully connected to server"}
{"level":"debug","message":"Successfully connected to server"}
{"level":"debug","message":"Successfully connected to server"}
{"level":"debug","message":"Successfully connected to server"}
{"level":"debug","message":"Successfully connected to server"}
{"level":"debug","message":"Successfully connected to server"}
{"level":"debug","message":"Successfully connected to server"}
{"level":"debug","message":"Successfully connected to server"}
{"level":"debug","message":"Successfully connected to server"}
{"level":"debug","message":"Successfully connected to server"}
{"level":"debug","message":"Successfully connected to server"}
{"level":"debug","message":"Successfully connected to server"}
{"level":"debug","message":"Successfully connected to server"}
{"level":"debug","message":"Successfully connected to server"}
{"level":"debug","message":"Successfully connected to server"}
{"level":"error","message":"ReferenceError: collection is not defined\n    at Object.fetchById (D:\\Naif Mehanna\\Documents\\PFE\\smarbotjs\\utils\\persistence.js:73:39)\n    at process._tickCallback (internal/process/next_tick.js:68:7)"}
{"level":"debug","message":"Successfully connected to server"}
{"level":"debug","message":"Successfully connected to server"}
{"level":"debug","message":"Successfully connected to server"}
{"level":"debug","message":"Successfully connected to server"}
{"level":"error","message":"Error: Argument passed in must be a single String of 12 bytes or a string of 24 hex characters\n    at new ObjectID (D:\\Naif Mehanna\\Documents\\PFE\\smarbotjs\\node_modules\\bson\\lib\\bson\\objectid.js:57:11)\n    at Object.fetchById (D:\\Naif Mehanna\\Documents\\PFE\\smarbotjs\\utils\\persistence.js:67:24)\n    at D:\\Naif Mehanna\\Documents\\PFE\\smarbotjs\\utils\\persistence.js:101:29\n    at Object.<anonymous> (D:\\Naif Mehanna\\Documents\\PFE\\smarbotjs\\utils\\persistence.js:103:3)\n    at Module._compile (internal/modules/cjs/loader.js:688:30)\n    at Object.Module._extensions..js (internal/modules/cjs/loader.js:699:10)\n    at Module.load (internal/modules/cjs/loader.js:598:32)\n    at tryModuleLoad (internal/modules/cjs/loader.js:537:12)\n    at Function.Module._load (internal/modules/cjs/loader.js:529:3)\n    at Function.Module.runMain (internal/modules/cjs/loader.js:741:12)"}
{"level":"error","message":"Error: Argument passed in must be a single String of 12 bytes or a string of 24 hex characters\n    at new ObjectID (D:\\Naif Mehanna\\Documents\\PFE\\smarbotjs\\node_modules\\bson\\lib\\bson\\objectid.js:57:11)\n    at Object.fetchById (D:\\Naif Mehanna\\Documents\\PFE\\smarbotjs\\utils\\persistence.js:67:24)\n    at D:\\Naif Mehanna\\Documents\\PFE\\smarbotjs\\utils\\persistence.js:102:33\n    at Object.<anonymous> (D:\\Naif Mehanna\\Documents\\PFE\\smarbotjs\\utils\\persistence.js:107:3)\n    at Module._compile (internal/modules/cjs/loader.js:688:30)\n    at Object.Module._extensions..js (internal/modules/cjs/loader.js:699:10)\n    at Module.load (internal/modules/cjs/loader.js:598:32)\n    at tryModuleLoad (internal/modules/cjs/loader.js:537:12)\n    at Function.Module._load (internal/modules/cjs/loader.js:529:3)\n    at Function.Module.runMain (internal/modules/cjs/loader.js:741:12)"}
{"level":"error","message":"Error: Argument passed in must be a single String of 12 bytes or a string of 24 hex characters\n    at new ObjectID (D:\\Naif Mehanna\\Documents\\PFE\\smarbotjs\\node_modules\\bson\\lib\\bson\\objectid.js:57:11)\n    at Object.fetchById (D:\\Naif Mehanna\\Documents\\PFE\\smarbotjs\\utils\\persistence.js:67:24)\n    at D:\\Naif Mehanna\\Documents\\PFE\\smarbotjs\\utils\\persistence.js:102:33\n    at Object.<anonymous> (D:\\Naif Mehanna\\Documents\\PFE\\smarbotjs\\utils\\persistence.js:106:3)\n    at Module._compile (internal/modules/cjs/loader.js:688:30)\n    at Object.Module._extensions..js (internal/modules/cjs/loader.js:699:10)\n    at Module.load (internal/modules/cjs/loader.js:598:32)\n    at tryModuleLoad (internal/modules/cjs/loader.js:537:12)\n    at Function.Module._load (internal/modules/cjs/loader.js:529:3)\n    at Function.Module.runMain (internal/modules/cjs/loader.js:741:12)"}
